<?xml version="1.0" encoding="UTF-8" ?>
<testsuite tests="1" failures="1" name="Testcases.signupPageTestCase" time="0.552" errors="0" skipped="0">
  <properties>
[...]
</properties>
  <testcase classname="Testcases.signupPageTestCase" name="testcase" time="0.552">
    <failure message="Element &lt;a href=&quot;/product_details/2&quot;&gt; is not clickable at point (921,711) because another element &lt;iframe id=&quot;aswift_5&quot; name=&quot;aswift_5&quot; src=&quot;https://googleads.g.doubleclick.net/pagead/html/r20230920/r20110914/zrt_lookup.html?fsb=1#RS-1-&amp;adk=1812271801&amp;client=ca-pub-1677597403311019&amp;fa=1&amp;ifi=6&amp;uci=a!6&amp;btvi=2&amp;xpc=vU62HcttBq&amp;p=https%3A//automationexercise.com&quot;&gt; obscures it
Build info: version: &apos;4.10.0&apos;, revision: &apos;c14d967899&apos;
System info: os.name: &apos;Windows 10&apos;, os.arch: &apos;amd64&apos;, os.version: &apos;10.0&apos;, java.version: &apos;1.8.0_202&apos;
Driver info: org.openqa.selenium.firefox.FirefoxDriver
Command: [1bb3239f-bf0a-4c01-ad0c-9636fee063dd, clickElement {id=908645c6-47be-46a4-bb13-eccc51193758}]
Capabilities {acceptInsecureCerts: true, browserName: firefox, browserVersion: 117.0.1, moz:accessibilityChecks: false, moz:buildID: 20230912013654, moz:debuggerAddress: 127.0.0.1:21918, moz:geckodriverVersion: 0.33.0, moz:headless: false, moz:platformVersion: 10.0, moz:processID: 20708, moz:profile: C:\Users\Kumar\AppData\Loca..., moz:shutdownTimeout: 60000, moz:webdriverClick: true, moz:windowless: false, pageLoadStrategy: normal, platformName: windows, proxy: Proxy(), se:cdp: ws://127.0.0.1:21918/devtoo..., se:cdpVersion: 85.0, setWindowRect: true, strictFileInteractability: false, timeouts: {implicit: 0, pageLoad: 300000, script: 30000}, unhandledPromptBehavior: dismiss and notify}
Element: [[FirefoxDriver: firefox on windows (1bb3239f-bf0a-4c01-ad0c-9636fee063dd)] -&gt; xpath: //a[@href=&apos;/product_details/2&apos;]]
Session ID: 1bb3239f-bf0a-4c01-ad0c-9636fee063dd" type="org.openqa.selenium.ElementClickInterceptedException">org.openqa.selenium.ElementClickInterceptedException: Element &lt;a href=&quot;/product_details/2&quot;&gt; is not clickable at point (921,711) because another element &lt;iframe id=&quot;aswift_5&quot; name=&quot;aswift_5&quot; src=&quot;https://googleads.g.doubleclick.net/pagead/html/r20230920/r20110914/zrt_lookup.html?fsb=1#RS-1-&amp;adk=1812271801&amp;client=ca-pub-1677597403311019&amp;fa=1&amp;ifi=6&amp;uci=a!6&amp;btvi=2&amp;xpc=vU62HcttBq&amp;p=https%3A//automationexercise.com&quot;&gt; obscures it
Build info: version: &apos;4.10.0&apos;, revision: &apos;c14d967899&apos;
System info: os.name: &apos;Windows 10&apos;, os.arch: &apos;amd64&apos;, os.version: &apos;10.0&apos;, java.version: &apos;1.8.0_202&apos;
Driver info: org.openqa.selenium.firefox.FirefoxDriver
Command: [1bb3239f-bf0a-4c01-ad0c-9636fee063dd, clickElement {id=908645c6-47be-46a4-bb13-eccc51193758}]
Capabilities {acceptInsecureCerts: true, browserName: firefox, browserVersion: 117.0.1, moz:accessibilityChecks: false, moz:buildID: 20230912013654, moz:debuggerAddress: 127.0.0.1:21918, moz:geckodriverVersion: 0.33.0, moz:headless: false, moz:platformVersion: 10.0, moz:processID: 20708, moz:profile: C:\Users\Kumar\AppData\Loca..., moz:shutdownTimeout: 60000, moz:webdriverClick: true, moz:windowless: false, pageLoadStrategy: normal, platformName: windows, proxy: Proxy(), se:cdp: ws://127.0.0.1:21918/devtoo..., se:cdpVersion: 85.0, setWindowRect: true, strictFileInteractability: false, timeouts: {implicit: 0, pageLoad: 300000, script: 30000}, unhandledPromptBehavior: dismiss and notify}
Element: [[FirefoxDriver: firefox on windows (1bb3239f-bf0a-4c01-ad0c-9636fee063dd)] -&gt; xpath: //a[@href=&apos;/product_details/2&apos;]]
Session ID: 1bb3239f-bf0a-4c01-ad0c-9636fee063dd
	at sun.reflect.NativeConstructorAccessorImpl.newInstance0(Native Method)
	at sun.reflect.NativeConstructorAccessorImpl.newInstance(NativeConstructorAccessorImpl.java:62)
	at sun.reflect.DelegatingConstructorAccessorImpl.newInstance(DelegatingConstructorAccessorImpl.java:45)
	at java.lang.reflect.Constructor.newInstance(Constructor.java:423)
	at org.openqa.selenium.remote.codec.w3c.W3CHttpResponseCodec.createException(W3CHttpResponseCodec.java:199)
	at org.openqa.selenium.remote.codec.w3c.W3CHttpResponseCodec.decode(W3CHttpResponseCodec.java:132)
	at org.openqa.selenium.remote.codec.w3c.W3CHttpResponseCodec.decode(W3CHttpResponseCodec.java:51)
	at org.openqa.selenium.remote.HttpCommandExecutor.execute(HttpCommandExecutor.java:191)
	at org.openqa.selenium.remote.service.DriverCommandExecutor.invokeExecute(DriverCommandExecutor.java:196)
	at org.openqa.selenium.remote.service.DriverCommandExecutor.execute(DriverCommandExecutor.java:171)
	at org.openqa.selenium.remote.RemoteWebDriver.execute(RemoteWebDriver.java:531)
	at org.openqa.selenium.remote.RemoteWebElement.execute(RemoteWebElement.java:242)
	at org.openqa.selenium.remote.RemoteWebElement.click(RemoteWebElement.java:77)
	at Pages.homepage_page.click_view_product_btn(homepage_page.java:51)
	at Testcases.signupPageTestCase.testcase(signupPageTestCase.java:54)
</failure>
    <system-out>Configuring TestNG with: org.apache.maven.surefire.testng.conf.TestNG652Configurator@6842775d
2023-09-24 11:24:33.965 [main] INFO  Testcases.signupPageTestCase - ====================Verifying Homepage =================================
</system-out>
    <system-err>Sep 24, 2023 11:24:16 AM org.openqa.selenium.remote.service.DriverService$Builder getLogOutput
INFO: Driver logs no longer sent to console by default; https://www.selenium.dev/documentation/webdriver/drivers/service/#setting-log-output
SLF4J: No SLF4J providers were found.
SLF4J: Defaulting to no-operation (NOP) logger implementation
SLF4J: See https://www.slf4j.org/codes.html#noProviders for further details.
</system-err>
  </testcase>
</testsuite>